Determining if the include file pthread.h exists failed with the following output:
Change Dir: C:/Src/SecondTry/out/build/x64-Debug/CMakeFiles/CMakeTmp

Run Build Command(s):C:/Program Files (x86)/Microsoft Visual Studio/2019/Enterprise/Common7/IDE/CommonExtensions/Microsoft/CMake/Ninja/ninja.exe cmTC_4400c && [1/2] Building C object CMakeFiles\cmTC_4400c.dir\CheckIncludeFile.c.obj
FAILED: CMakeFiles/cmTC_4400c.dir/CheckIncludeFile.c.obj 
C:\PROGRA~2\MIB055~1\2019\ENTERP~1\VC\Tools\MSVC\1429~1.301\bin\Hostx64\x64\cl.exe  /nologo   /DWIN32 /D_WINDOWS /W3  /MDd /Zi /Ob0 /Od /RTC1 /showIncludes /FoCMakeFiles\cmTC_4400c.dir\CheckIncludeFile.c.obj /FdCMakeFiles\cmTC_4400c.dir\ /FS -c CheckIncludeFile.c
CheckIncludeFile.c(1): fatal error C1083: Cannot open include file: 'pthread.h': No such file or directory
ninja: build stopped: subcommand failed.



Determining if the posix_fallocate exist failed with the following output:
Change Dir: C:/Src/SecondTry/out/build/x64-Debug/CMakeFiles/CMakeTmp

Run Build Command(s):C:/Program Files (x86)/Microsoft Visual Studio/2019/Enterprise/Common7/IDE/CommonExtensions/Microsoft/CMake/Ninja/ninja.exe cmTC_f4c30 && [1/2] Building C object CMakeFiles\cmTC_f4c30.dir\CheckSymbolExists.c.obj
FAILED: CMakeFiles/cmTC_f4c30.dir/CheckSymbolExists.c.obj 
C:\PROGRA~2\MIB055~1\2019\ENTERP~1\VC\Tools\MSVC\1429~1.301\bin\Hostx64\x64\cl.exe  /nologo   /DWIN32 /D_WINDOWS /W3  /MDd /Zi /Ob0 /Od /RTC1 /showIncludes /FoCMakeFiles\cmTC_f4c30.dir\CheckSymbolExists.c.obj /FdCMakeFiles\cmTC_f4c30.dir\ /FS -c CheckSymbolExists.c
CheckSymbolExists.c(8): error C2065: 'posix_fallocate': undeclared identifier
ninja: build stopped: subcommand failed.


File C:/Src/SecondTry/out/build/x64-Debug/CMakeFiles/CMakeTmp/CheckSymbolExists.c:
/* */
#include <fcntl.h>

int main(int argc, char** argv)
{
  (void)argv;
#ifndef posix_fallocate
  return ((int*)(&posix_fallocate))[argc];
#else
  (void)argc;
  return 0;
#endif
}
Determining if the lstat exist failed with the following output:
Change Dir: C:/Src/SecondTry/out/build/x64-Debug/CMakeFiles/CMakeTmp

Run Build Command(s):C:/Program Files (x86)/Microsoft Visual Studio/2019/Enterprise/Common7/IDE/CommonExtensions/Microsoft/CMake/Ninja/ninja.exe cmTC_02459 && [1/2] Building C object CMakeFiles\cmTC_02459.dir\CheckSymbolExists.c.obj
FAILED: CMakeFiles/cmTC_02459.dir/CheckSymbolExists.c.obj 
C:\PROGRA~2\MIB055~1\2019\ENTERP~1\VC\Tools\MSVC\1429~1.301\bin\Hostx64\x64\cl.exe  /nologo   /DWIN32 /D_WINDOWS /W3  /MDd /Zi /Ob0 /Od /RTC1 /showIncludes /FoCMakeFiles\cmTC_02459.dir\CheckSymbolExists.c.obj /FdCMakeFiles\cmTC_02459.dir\ /FS -c CheckSymbolExists.c
CheckSymbolExists.c(9): error C2065: 'lstat': undeclared identifier
ninja: build stopped: subcommand failed.


File C:/Src/SecondTry/out/build/x64-Debug/CMakeFiles/CMakeTmp/CheckSymbolExists.c:
/* */
#include <fcntl.h>
#include <sys/stat.h>

int main(int argc, char** argv)
{
  (void)argv;
#ifndef lstat
  return ((int*)(&lstat))[argc];
#else
  (void)argc;
  return 0;
#endif
}
Determining if the malloc_usable_size exist failed with the following output:
Change Dir: C:/Src/SecondTry/out/build/x64-Debug/CMakeFiles/CMakeTmp

Run Build Command(s):C:/Program Files (x86)/Microsoft Visual Studio/2019/Enterprise/Common7/IDE/CommonExtensions/Microsoft/CMake/Ninja/ninja.exe cmTC_37ce4 && [1/2] Building C object CMakeFiles\cmTC_37ce4.dir\CheckSymbolExists.c.obj
FAILED: CMakeFiles/cmTC_37ce4.dir/CheckSymbolExists.c.obj 
C:\PROGRA~2\MIB055~1\2019\ENTERP~1\VC\Tools\MSVC\1429~1.301\bin\Hostx64\x64\cl.exe  /nologo   /DWIN32 /D_WINDOWS /W3  /MDd /Zi /Ob0 /Od /RTC1 /showIncludes /FoCMakeFiles\cmTC_37ce4.dir\CheckSymbolExists.c.obj /FdCMakeFiles\cmTC_37ce4.dir\ /FS -c CheckSymbolExists.c
CheckSymbolExists.c(8): error C2065: 'malloc_usable_size': undeclared identifier
ninja: build stopped: subcommand failed.


File C:/Src/SecondTry/out/build/x64-Debug/CMakeFiles/CMakeTmp/CheckSymbolExists.c:
/* */
#include <malloc.h>

int main(int argc, char** argv)
{
  (void)argv;
#ifndef malloc_usable_size
  return ((int*)(&malloc_usable_size))[argc];
#else
  (void)argc;
  return 0;
#endif
}
Determining if the strerror_r exist failed with the following output:
Change Dir: C:/Src/SecondTry/out/build/x64-Debug/CMakeFiles/CMakeTmp

Run Build Command(s):C:/Program Files (x86)/Microsoft Visual Studio/2019/Enterprise/Common7/IDE/CommonExtensions/Microsoft/CMake/Ninja/ninja.exe cmTC_7b708 && [1/2] Building C object CMakeFiles\cmTC_7b708.dir\CheckSymbolExists.c.obj
FAILED: CMakeFiles/cmTC_7b708.dir/CheckSymbolExists.c.obj 
C:\PROGRA~2\MIB055~1\2019\ENTERP~1\VC\Tools\MSVC\1429~1.301\bin\Hostx64\x64\cl.exe  /nologo   /DWIN32 /D_WINDOWS /W3  /MDd /Zi /Ob0 /Od /RTC1 /showIncludes /FoCMakeFiles\cmTC_7b708.dir\CheckSymbolExists.c.obj /FdCMakeFiles\cmTC_7b708.dir\ /FS -c CheckSymbolExists.c
CheckSymbolExists.c(8): error C2065: 'strerror_r': undeclared identifier
ninja: build stopped: subcommand failed.


File C:/Src/SecondTry/out/build/x64-Debug/CMakeFiles/CMakeTmp/CheckSymbolExists.c:
/* */
#include <string.h>

int main(int argc, char** argv)
{
  (void)argv;
#ifndef strerror_r
  return ((int*)(&strerror_r))[argc];
#else
  (void)argc;
  return 0;
#endif
}
Determining if the gmtime_r exist failed with the following output:
Change Dir: C:/Src/SecondTry/out/build/x64-Debug/CMakeFiles/CMakeTmp

Run Build Command(s):C:/Program Files (x86)/Microsoft Visual Studio/2019/Enterprise/Common7/IDE/CommonExtensions/Microsoft/CMake/Ninja/ninja.exe cmTC_f6cbf && [1/2] Building C object CMakeFiles\cmTC_f6cbf.dir\CheckSymbolExists.c.obj
FAILED: CMakeFiles/cmTC_f6cbf.dir/CheckSymbolExists.c.obj 
C:\PROGRA~2\MIB055~1\2019\ENTERP~1\VC\Tools\MSVC\1429~1.301\bin\Hostx64\x64\cl.exe  /nologo   /DWIN32 /D_WINDOWS /W3  /MDd /Zi /Ob0 /Od /RTC1 /showIncludes /FoCMakeFiles\cmTC_f6cbf.dir\CheckSymbolExists.c.obj /FdCMakeFiles\cmTC_f6cbf.dir\ /FS -c CheckSymbolExists.c
CheckSymbolExists.c(8): error C2065: 'gmtime_r': undeclared identifier
ninja: build stopped: subcommand failed.


File C:/Src/SecondTry/out/build/x64-Debug/CMakeFiles/CMakeTmp/CheckSymbolExists.c:
/* */
#include <time.h>

int main(int argc, char** argv)
{
  (void)argv;
#ifndef gmtime_r
  return ((int*)(&gmtime_r))[argc];
#else
  (void)argc;
  return 0;
#endif
}
Determining if the localtime_r exist failed with the following output:
Change Dir: C:/Src/SecondTry/out/build/x64-Debug/CMakeFiles/CMakeTmp

Run Build Command(s):C:/Program Files (x86)/Microsoft Visual Studio/2019/Enterprise/Common7/IDE/CommonExtensions/Microsoft/CMake/Ninja/ninja.exe cmTC_e8b7f && [1/2] Building C object CMakeFiles\cmTC_e8b7f.dir\CheckSymbolExists.c.obj
FAILED: CMakeFiles/cmTC_e8b7f.dir/CheckSymbolExists.c.obj 
C:\PROGRA~2\MIB055~1\2019\ENTERP~1\VC\Tools\MSVC\1429~1.301\bin\Hostx64\x64\cl.exe  /nologo   /DWIN32 /D_WINDOWS /W3  /MDd /Zi /Ob0 /Od /RTC1 /showIncludes /FoCMakeFiles\cmTC_e8b7f.dir\CheckSymbolExists.c.obj /FdCMakeFiles\cmTC_e8b7f.dir\ /FS -c CheckSymbolExists.c
CheckSymbolExists.c(8): error C2065: 'localtime_r': undeclared identifier
ninja: build stopped: subcommand failed.


File C:/Src/SecondTry/out/build/x64-Debug/CMakeFiles/CMakeTmp/CheckSymbolExists.c:
/* */
#include <time.h>

int main(int argc, char** argv)
{
  (void)argv;
#ifndef localtime_r
  return ((int*)(&localtime_r))[argc];
#else
  (void)argc;
  return 0;
#endif
}
Determining if files unistd.h exist failed with the following output:
Change Dir: C:/Src/SecondTry/out/build/x64-Debug/CMakeFiles/CMakeTmp

Run Build Command(s):C:/Program Files (x86)/Microsoft Visual Studio/2019/Enterprise/Common7/IDE/CommonExtensions/Microsoft/CMake/Ninja/ninja.exe cmTC_e16bf && [1/2] Building C object CMakeFiles\cmTC_e16bf.dir\HAVE_UNISTD_H.c.obj
FAILED: CMakeFiles/cmTC_e16bf.dir/HAVE_UNISTD_H.c.obj 
C:\PROGRA~2\MIB055~1\2019\ENTERP~1\VC\Tools\MSVC\1429~1.301\bin\Hostx64\x64\cl.exe  /nologo   /DWIN32 /D_WINDOWS /W3  /MDd /Zi /Ob0 /Od /RTC1 /showIncludes /FoCMakeFiles\cmTC_e16bf.dir\HAVE_UNISTD_H.c.obj /FdCMakeFiles\cmTC_e16bf.dir\ /FS -c C:\Src\SecondTry\out\build\x64-Debug\CMakeFiles\CheckIncludeFiles\HAVE_UNISTD_H.c
C:\Src\SecondTry\out\build\x64-Debug\CMakeFiles\CheckIncludeFiles\HAVE_UNISTD_H.c(2): fatal error C1083: Cannot open include file: 'unistd.h': No such file or directory
ninja: build stopped: subcommand failed.


Source:
/* */
#include <unistd.h>


int main(void){return 0;}

Determining if the utime exist failed with the following output:
Change Dir: C:/Src/SecondTry/out/build/x64-Debug/CMakeFiles/CMakeTmp

Run Build Command(s):C:/Program Files (x86)/Microsoft Visual Studio/2019/Enterprise/Common7/IDE/CommonExtensions/Microsoft/CMake/Ninja/ninja.exe cmTC_fb30e && [1/2] Building C object CMakeFiles\cmTC_fb30e.dir\CheckSymbolExists.c.obj
FAILED: CMakeFiles/cmTC_fb30e.dir/CheckSymbolExists.c.obj 
C:\PROGRA~2\MIB055~1\2019\ENTERP~1\VC\Tools\MSVC\1429~1.301\bin\Hostx64\x64\cl.exe  /nologo   /DWIN32 /D_WINDOWS /W3  /MDd /Zi /Ob0 /Od /RTC1 /showIncludes /FoCMakeFiles\cmTC_fb30e.dir\CheckSymbolExists.c.obj /FdCMakeFiles\cmTC_fb30e.dir\ /FS -c CheckSymbolExists.c
CheckSymbolExists.c(2): fatal error C1083: Cannot open include file: 'utime.h': No such file or directory
ninja: build stopped: subcommand failed.


File C:/Src/SecondTry/out/build/x64-Debug/CMakeFiles/CMakeTmp/CheckSymbolExists.c:
/* */
#include <utime.h>

int main(int argc, char** argv)
{
  (void)argv;
#ifndef utime
  return ((int*)(&utime))[argc];
#else
  (void)argc;
  return 0;
#endif
}
Determining size of off64_t failed with the following output:
Change Dir: C:/Src/SecondTry/out/build/x64-Debug/CMakeFiles/CMakeTmp

Run Build Command(s):C:/Program Files (x86)/Microsoft Visual Studio/2019/Enterprise/Common7/IDE/CommonExtensions/Microsoft/CMake/Ninja/ninja.exe cmTC_368ca && [1/2] Building C object CMakeFiles\cmTC_368ca.dir\OFF64_T.c.obj
FAILED: CMakeFiles/cmTC_368ca.dir/OFF64_T.c.obj 
C:\PROGRA~2\MIB055~1\2019\ENTERP~1\VC\Tools\MSVC\1429~1.301\bin\Hostx64\x64\cl.exe  /nologo -DHAVE_STDDEF_H -DHAVE_STDINT_H -DHAVE_SYS_TYPES_H -D_LARGEFILE64_SOURCE=1  /DWIN32 /D_WINDOWS /W3  /MDd /Zi /Ob0 /Od /RTC1 /showIncludes /FoCMakeFiles\cmTC_368ca.dir\OFF64_T.c.obj /FdCMakeFiles\cmTC_368ca.dir\ /FS -c C:\Src\SecondTry\out\build\x64-Debug\CMakeFiles\CheckTypeSize\OFF64_T.c
C:\Src\SecondTry\out\build\x64-Debug\CMakeFiles\CheckTypeSize\OFF64_T.c(29): error C2065: 'off64_t': undeclared identifier
C:\Src\SecondTry\out\build\x64-Debug\CMakeFiles\CheckTypeSize\OFF64_T.c(30): error C2065: 'off64_t': undeclared identifier
C:\Src\SecondTry\out\build\x64-Debug\CMakeFiles\CheckTypeSize\OFF64_T.c(31): error C2065: 'off64_t': undeclared identifier
C:\Src\SecondTry\out\build\x64-Debug\CMakeFiles\CheckTypeSize\OFF64_T.c(32): error C2065: 'off64_t': undeclared identifier
C:\Src\SecondTry\out\build\x64-Debug\CMakeFiles\CheckTypeSize\OFF64_T.c(33): error C2065: 'off64_t': undeclared identifier
ninja: build stopped: subcommand failed.


C:/Src/SecondTry/out/build/x64-Debug/CMakeFiles/CheckTypeSize/OFF64_T.c:
#include <sys/types.h>
#include <stdint.h>
#include <stddef.h>


#undef KEY
#if defined(__i386)
# define KEY '_','_','i','3','8','6'
#elif defined(__x86_64)
# define KEY '_','_','x','8','6','_','6','4'
#elif defined(__PPC64__)
# define KEY '_','_','P','P','C','6','4','_','_'
#elif defined(__ppc64__)
# define KEY '_','_','p','p','c','6','4','_','_'
#elif defined(__PPC__)
# define KEY '_','_','P','P','C','_','_'
#elif defined(__ppc__)
# define KEY '_','_','p','p','c','_','_'
#elif defined(__aarch64__)
# define KEY '_','_','a','a','r','c','h','6','4','_','_'
#elif defined(__ARM_ARCH_7A__)
# define KEY '_','_','A','R','M','_','A','R','C','H','_','7','A','_','_'
#elif defined(__ARM_ARCH_7S__)
# define KEY '_','_','A','R','M','_','A','R','C','H','_','7','S','_','_'
#endif

#define SIZE (sizeof(off64_t))
static char info_size[] =  {'I', 'N', 'F', 'O', ':', 's','i','z','e','[',
  ('0' + ((SIZE / 10000)%10)),
  ('0' + ((SIZE / 1000)%10)),
  ('0' + ((SIZE / 100)%10)),
  ('0' + ((SIZE / 10)%10)),
  ('0' +  (SIZE    % 10)),
  ']',
#ifdef KEY
  ' ','k','e','y','[', KEY, ']',
#endif
  '\0'};

#ifdef __CLASSIC_C__
int main(argc, argv) int argc; char *argv[];
#else
int main(int argc, char *argv[])
#endif
{
  int require = 0;
  require += info_size[argc];
  (void)argv;
  return require;
}


Determining if the function fseeko exists failed with the following output:
Change Dir: C:/Src/SecondTry/out/build/x64-Debug/CMakeFiles/CMakeTmp

Run Build Command(s):C:/Program Files (x86)/Microsoft Visual Studio/2019/Enterprise/Common7/IDE/CommonExtensions/Microsoft/CMake/Ninja/ninja.exe cmTC_8379b && [1/2] Building C object CMakeFiles\cmTC_8379b.dir\CheckFunctionExists.c.obj
[2/2] Linking C executable cmTC_8379b.exe
FAILED: cmTC_8379b.exe 
cmd.exe /C "cd . && "C:\Program Files (x86)\Microsoft Visual Studio\2019\Enterprise\Common7\IDE\CommonExtensions\Microsoft\CMake\CMake\bin\cmake.exe" -E vs_link_exe --intdir=CMakeFiles\cmTC_8379b.dir --rc=C:\PROGRA~2\WI3CF2~1\10\bin\100220~1.0\x64\rc.exe --mt=C:\PROGRA~2\WI3CF2~1\10\bin\100220~1.0\x64\mt.exe --manifests  -- C:\PROGRA~2\MIB055~1\2019\ENTERP~1\VC\Tools\MSVC\1429~1.301\bin\Hostx64\x64\link.exe /nologo CMakeFiles\cmTC_8379b.dir\CheckFunctionExists.c.obj  /out:cmTC_8379b.exe /implib:cmTC_8379b.lib /pdb:cmTC_8379b.pdb /version:0.0 /machine:x64  /debug /INCREMENTAL /subsystem:console  kernel32.lib user32.lib gdi32.lib winspool.lib shell32.lib ole32.lib oleaut32.lib uuid.lib comdlg32.lib advapi32.lib && cd ."
LINK Pass 1: command "C:\PROGRA~2\MIB055~1\2019\ENTERP~1\VC\Tools\MSVC\1429~1.301\bin\Hostx64\x64\link.exe /nologo CMakeFiles\cmTC_8379b.dir\CheckFunctionExists.c.obj /out:cmTC_8379b.exe /implib:cmTC_8379b.lib /pdb:cmTC_8379b.pdb /version:0.0 /machine:x64 /debug /INCREMENTAL /subsystem:console kernel32.lib user32.lib gdi32.lib winspool.lib shell32.lib ole32.lib oleaut32.lib uuid.lib comdlg32.lib advapi32.lib /MANIFEST /MANIFESTFILE:CMakeFiles\cmTC_8379b.dir/intermediate.manifest CMakeFiles\cmTC_8379b.dir/manifest.res" failed (exit code 1120) with the following output:
CheckFunctionExists.c.obj : error LNK2019: unresolved external symbol fseeko referenced in function main
cmTC_8379b.exe : fatal error LNK1120: 1 unresolved externals
ninja: build stopped: subcommand failed.



Determining if the include file unistd.h exists failed with the following output:
Change Dir: C:/Src/SecondTry/out/build/x64-Debug/CMakeFiles/CMakeTmp

Run Build Command(s):C:/Program Files (x86)/Microsoft Visual Studio/2019/Enterprise/Common7/IDE/CommonExtensions/Microsoft/CMake/Ninja/ninja.exe cmTC_1ecaa && [1/2] Building C object CMakeFiles\cmTC_1ecaa.dir\CheckIncludeFile.c.obj
FAILED: CMakeFiles/cmTC_1ecaa.dir/CheckIncludeFile.c.obj 
C:\PROGRA~2\MIB055~1\2019\ENTERP~1\VC\Tools\MSVC\1429~1.301\bin\Hostx64\x64\cl.exe  /nologo   /DWIN32 /D_WINDOWS /W3  /MDd /Zi /Ob0 /Od /RTC1 /showIncludes /FoCMakeFiles\cmTC_1ecaa.dir\CheckIncludeFile.c.obj /FdCMakeFiles\cmTC_1ecaa.dir\ /FS -c CheckIncludeFile.c
CheckIncludeFile.c(1): fatal error C1083: Cannot open include file: 'unistd.h': No such file or directory
ninja: build stopped: subcommand failed.



Determining if the include file arpa/inet.h exists failed with the following output:
Change Dir: C:/Src/SecondTry/out/build/x64-Debug/CMakeFiles/CMakeTmp

Run Build Command(s):C:/Program Files (x86)/Microsoft Visual Studio/2019/Enterprise/Common7/IDE/CommonExtensions/Microsoft/CMake/Ninja/ninja.exe cmTC_f4263 && [1/2] Building C object CMakeFiles\cmTC_f4263.dir\CheckIncludeFile.c.obj
FAILED: CMakeFiles/cmTC_f4263.dir/CheckIncludeFile.c.obj 
C:\PROGRA~2\MIB055~1\2019\ENTERP~1\VC\Tools\MSVC\1429~1.301\bin\Hostx64\x64\cl.exe  /nologo   /DWIN32 /D_WINDOWS /W3  /MDd /Zi /Ob0 /Od /RTC1 /showIncludes /FoCMakeFiles\cmTC_f4263.dir\CheckIncludeFile.c.obj /FdCMakeFiles\cmTC_f4263.dir\ /FS -c CheckIncludeFile.c
CheckIncludeFile.c(1): fatal error C1083: Cannot open include file: 'arpa/inet.h': No such file or directory
ninja: build stopped: subcommand failed.



Determining if the include file netdb.h exists failed with the following output:
Change Dir: C:/Src/SecondTry/out/build/x64-Debug/CMakeFiles/CMakeTmp

Run Build Command(s):C:/Program Files (x86)/Microsoft Visual Studio/2019/Enterprise/Common7/IDE/CommonExtensions/Microsoft/CMake/Ninja/ninja.exe cmTC_97d53 && [1/2] Building C object CMakeFiles\cmTC_97d53.dir\CheckIncludeFile.c.obj
FAILED: CMakeFiles/cmTC_97d53.dir/CheckIncludeFile.c.obj 
C:\PROGRA~2\MIB055~1\2019\ENTERP~1\VC\Tools\MSVC\1429~1.301\bin\Hostx64\x64\cl.exe  /nologo   /DWIN32 /D_WINDOWS /W3  /MDd /Zi /Ob0 /Od /RTC1 /showIncludes /FoCMakeFiles\cmTC_97d53.dir\CheckIncludeFile.c.obj /FdCMakeFiles\cmTC_97d53.dir\ /FS -c CheckIncludeFile.c
CheckIncludeFile.c(1): fatal error C1083: Cannot open include file: 'netdb.h': No such file or directory
ninja: build stopped: subcommand failed.



Determining if the include file netinet/in.h exists failed with the following output:
Change Dir: C:/Src/SecondTry/out/build/x64-Debug/CMakeFiles/CMakeTmp

Run Build Command(s):C:/Program Files (x86)/Microsoft Visual Studio/2019/Enterprise/Common7/IDE/CommonExtensions/Microsoft/CMake/Ninja/ninja.exe cmTC_2921d && [1/2] Building C object CMakeFiles\cmTC_2921d.dir\CheckIncludeFile.c.obj
FAILED: CMakeFiles/cmTC_2921d.dir/CheckIncludeFile.c.obj 
C:\PROGRA~2\MIB055~1\2019\ENTERP~1\VC\Tools\MSVC\1429~1.301\bin\Hostx64\x64\cl.exe  /nologo   /DWIN32 /D_WINDOWS /W3  /MDd /Zi /Ob0 /Od /RTC1 /showIncludes /FoCMakeFiles\cmTC_2921d.dir\CheckIncludeFile.c.obj /FdCMakeFiles\cmTC_2921d.dir\ /FS -c CheckIncludeFile.c
CheckIncludeFile.c(1): fatal error C1083: Cannot open include file: 'netinet/in.h': No such file or directory
ninja: build stopped: subcommand failed.



Determining if the include file pwd.h exists failed with the following output:
Change Dir: C:/Src/SecondTry/out/build/x64-Debug/CMakeFiles/CMakeTmp

Run Build Command(s):C:/Program Files (x86)/Microsoft Visual Studio/2019/Enterprise/Common7/IDE/CommonExtensions/Microsoft/CMake/Ninja/ninja.exe cmTC_853e3 && [1/2] Building C object CMakeFiles\cmTC_853e3.dir\CheckIncludeFile.c.obj
FAILED: CMakeFiles/cmTC_853e3.dir/CheckIncludeFile.c.obj 
C:\PROGRA~2\MIB055~1\2019\ENTERP~1\VC\Tools\MSVC\1429~1.301\bin\Hostx64\x64\cl.exe  /nologo   /DWIN32 /D_WINDOWS /W3  /MDd /Zi /Ob0 /Od /RTC1 /showIncludes /FoCMakeFiles\cmTC_853e3.dir\CheckIncludeFile.c.obj /FdCMakeFiles\cmTC_853e3.dir\ /FS -c CheckIncludeFile.c
CheckIncludeFile.c(1): fatal error C1083: Cannot open include file: 'pwd.h': No such file or directory
ninja: build stopped: subcommand failed.



Determining if the include file sys/socket.h exists failed with the following output:
Change Dir: C:/Src/SecondTry/out/build/x64-Debug/CMakeFiles/CMakeTmp

Run Build Command(s):C:/Program Files (x86)/Microsoft Visual Studio/2019/Enterprise/Common7/IDE/CommonExtensions/Microsoft/CMake/Ninja/ninja.exe cmTC_543a5 && [1/2] Building C object CMakeFiles\cmTC_543a5.dir\CheckIncludeFile.c.obj
FAILED: CMakeFiles/cmTC_543a5.dir/CheckIncludeFile.c.obj 
C:\PROGRA~2\MIB055~1\2019\ENTERP~1\VC\Tools\MSVC\1429~1.301\bin\Hostx64\x64\cl.exe  /nologo   /DWIN32 /D_WINDOWS /W3  /MDd /Zi /Ob0 /Od /RTC1 /showIncludes /FoCMakeFiles\cmTC_543a5.dir\CheckIncludeFile.c.obj /FdCMakeFiles\cmTC_543a5.dir\ /FS -c CheckIncludeFile.c
CheckIncludeFile.c(1): fatal error C1083: Cannot open include file: 'sys/socket.h': No such file or directory
ninja: build stopped: subcommand failed.



Determining if the include file sys/time.h exists failed with the following output:
Change Dir: C:/Src/SecondTry/out/build/x64-Debug/CMakeFiles/CMakeTmp

Run Build Command(s):C:/Program Files (x86)/Microsoft Visual Studio/2019/Enterprise/Common7/IDE/CommonExtensions/Microsoft/CMake/Ninja/ninja.exe cmTC_d9a34 && [1/2] Building C object CMakeFiles\cmTC_d9a34.dir\CheckIncludeFile.c.obj
FAILED: CMakeFiles/cmTC_d9a34.dir/CheckIncludeFile.c.obj 
C:\PROGRA~2\MIB055~1\2019\ENTERP~1\VC\Tools\MSVC\1429~1.301\bin\Hostx64\x64\cl.exe  /nologo   /DWIN32 /D_WINDOWS /W3  /MDd /Zi /Ob0 /Od /RTC1 /showIncludes /FoCMakeFiles\cmTC_d9a34.dir\CheckIncludeFile.c.obj /FdCMakeFiles\cmTC_d9a34.dir\ /FS -c CheckIncludeFile.c
CheckIncludeFile.c(1): fatal error C1083: Cannot open include file: 'sys/time.h': No such file or directory
ninja: build stopped: subcommand failed.



Determining if the include file syslog.h exists failed with the following output:
Change Dir: C:/Src/SecondTry/out/build/x64-Debug/CMakeFiles/CMakeTmp

Run Build Command(s):C:/Program Files (x86)/Microsoft Visual Studio/2019/Enterprise/Common7/IDE/CommonExtensions/Microsoft/CMake/Ninja/ninja.exe cmTC_e3208 && [1/2] Building C object CMakeFiles\cmTC_e3208.dir\CheckIncludeFile.c.obj
FAILED: CMakeFiles/cmTC_e3208.dir/CheckIncludeFile.c.obj 
C:\PROGRA~2\MIB055~1\2019\ENTERP~1\VC\Tools\MSVC\1429~1.301\bin\Hostx64\x64\cl.exe  /nologo   /DWIN32 /D_WINDOWS /W3  /MDd /Zi /Ob0 /Od /RTC1 /showIncludes /FoCMakeFiles\cmTC_e3208.dir\CheckIncludeFile.c.obj /FdCMakeFiles\cmTC_e3208.dir\ /FS -c CheckIncludeFile.c
CheckIncludeFile.c(1): fatal error C1083: Cannot open include file: 'syslog.h': No such file or directory
ninja: build stopped: subcommand failed.



Determining size of ssize_t failed with the following output:
Change Dir: C:/Src/SecondTry/out/build/x64-Debug/CMakeFiles/CMakeTmp

Run Build Command(s):C:/Program Files (x86)/Microsoft Visual Studio/2019/Enterprise/Common7/IDE/CommonExtensions/Microsoft/CMake/Ninja/ninja.exe cmTC_dd1d8 && [1/2] Building C object CMakeFiles\cmTC_dd1d8.dir\SIZEOF_SSIZE_T.c.obj
FAILED: CMakeFiles/cmTC_dd1d8.dir/SIZEOF_SSIZE_T.c.obj 
C:\PROGRA~2\MIB055~1\2019\ENTERP~1\VC\Tools\MSVC\1429~1.301\bin\Hostx64\x64\cl.exe  /nologo   /DWIN32 /D_WINDOWS /W3  /MDd /Zi /Ob0 /Od /RTC1 /showIncludes /FoCMakeFiles\cmTC_dd1d8.dir\SIZEOF_SSIZE_T.c.obj /FdCMakeFiles\cmTC_dd1d8.dir\ /FS -c C:\Src\SecondTry\out\build\x64-Debug\CMakeFiles\CheckTypeSize\SIZEOF_SSIZE_T.c
C:\Src\SecondTry\out\build\x64-Debug\CMakeFiles\CheckTypeSize\SIZEOF_SSIZE_T.c(29): error C2065: 'ssize_t': undeclared identifier
C:\Src\SecondTry\out\build\x64-Debug\CMakeFiles\CheckTypeSize\SIZEOF_SSIZE_T.c(30): error C2065: 'ssize_t': undeclared identifier
C:\Src\SecondTry\out\build\x64-Debug\CMakeFiles\CheckTypeSize\SIZEOF_SSIZE_T.c(31): error C2065: 'ssize_t': undeclared identifier
C:\Src\SecondTry\out\build\x64-Debug\CMakeFiles\CheckTypeSize\SIZEOF_SSIZE_T.c(32): error C2065: 'ssize_t': undeclared identifier
C:\Src\SecondTry\out\build\x64-Debug\CMakeFiles\CheckTypeSize\SIZEOF_SSIZE_T.c(33): error C2065: 'ssize_t': undeclared identifier
ninja: build stopped: subcommand failed.


C:/Src/SecondTry/out/build/x64-Debug/CMakeFiles/CheckTypeSize/SIZEOF_SSIZE_T.c:
#include <sys/types.h>
#include <stdint.h>
#include <stddef.h>


#undef KEY
#if defined(__i386)
# define KEY '_','_','i','3','8','6'
#elif defined(__x86_64)
# define KEY '_','_','x','8','6','_','6','4'
#elif defined(__PPC64__)
# define KEY '_','_','P','P','C','6','4','_','_'
#elif defined(__ppc64__)
# define KEY '_','_','p','p','c','6','4','_','_'
#elif defined(__PPC__)
# define KEY '_','_','P','P','C','_','_'
#elif defined(__ppc__)
# define KEY '_','_','p','p','c','_','_'
#elif defined(__aarch64__)
# define KEY '_','_','a','a','r','c','h','6','4','_','_'
#elif defined(__ARM_ARCH_7A__)
# define KEY '_','_','A','R','M','_','A','R','C','H','_','7','A','_','_'
#elif defined(__ARM_ARCH_7S__)
# define KEY '_','_','A','R','M','_','A','R','C','H','_','7','S','_','_'
#endif

#define SIZE (sizeof(ssize_t))
static char info_size[] =  {'I', 'N', 'F', 'O', ':', 's','i','z','e','[',
  ('0' + ((SIZE / 10000)%10)),
  ('0' + ((SIZE / 1000)%10)),
  ('0' + ((SIZE / 100)%10)),
  ('0' + ((SIZE / 10)%10)),
  ('0' +  (SIZE    % 10)),
  ']',
#ifdef KEY
  ' ','k','e','y','[', KEY, ']',
#endif
  '\0'};

#ifdef __CLASSIC_C__
int main(argc, argv) int argc; char *argv[];
#else
int main(int argc, char *argv[])
#endif
{
  int require = 0;
  require += info_size[argc];
  (void)argv;
  return require;
}


Performing C SOURCE FILE Test HAVE_STRUCT_TM_TM_GMTOFF failed with the following output:
Change Dir: C:/Src/SecondTry/out/build/x64-Debug/CMakeFiles/CMakeTmp

Run Build Command(s):C:/Program Files (x86)/Microsoft Visual Studio/2019/Enterprise/Common7/IDE/CommonExtensions/Microsoft/CMake/Ninja/ninja.exe cmTC_c716a && [1/2] Building C object CMakeFiles\cmTC_c716a.dir\src.c.obj
FAILED: CMakeFiles/cmTC_c716a.dir/src.c.obj 
C:\PROGRA~2\MIB055~1\2019\ENTERP~1\VC\Tools\MSVC\1429~1.301\bin\Hostx64\x64\cl.exe  /nologo -DHAVE_STRUCT_TM_TM_GMTOFF  /DWIN32 /D_WINDOWS /W3  /MDd /Zi /Ob0 /Od /RTC1 /showIncludes /FoCMakeFiles\cmTC_c716a.dir\src.c.obj /FdCMakeFiles\cmTC_c716a.dir\ /FS -c src.c
src.c(6): error C2039: 'tm_gmtoff': is not a member of 'tm'
C:\Program Files (x86)\Windows Kits\10\include\10.0.22000.0\ucrt\corecrt_wtime.h(26): note: see declaration of 'tm'
ninja: build stopped: subcommand failed.


Source file was:

#include <time.h>

int main()
{
  (void)sizeof(((struct tm *)0)->tm_gmtoff);
  return 0;
}

Determining if the function accept4 exists failed with the following output:
Change Dir: C:/Src/SecondTry/out/build/x64-Debug/CMakeFiles/CMakeTmp

Run Build Command(s):C:/Program Files (x86)/Microsoft Visual Studio/2019/Enterprise/Common7/IDE/CommonExtensions/Microsoft/CMake/Ninja/ninja.exe cmTC_a46ea && [1/2] Building C object CMakeFiles\cmTC_a46ea.dir\CheckFunctionExists.c.obj
[2/2] Linking C executable cmTC_a46ea.exe
FAILED: cmTC_a46ea.exe 
cmd.exe /C "cd . && "C:\Program Files (x86)\Microsoft Visual Studio\2019\Enterprise\Common7\IDE\CommonExtensions\Microsoft\CMake\CMake\bin\cmake.exe" -E vs_link_exe --intdir=CMakeFiles\cmTC_a46ea.dir --rc=C:\PROGRA~2\WI3CF2~1\10\bin\100220~1.0\x64\rc.exe --mt=C:\PROGRA~2\WI3CF2~1\10\bin\100220~1.0\x64\mt.exe --manifests  -- C:\PROGRA~2\MIB055~1\2019\ENTERP~1\VC\Tools\MSVC\1429~1.301\bin\Hostx64\x64\link.exe /nologo CMakeFiles\cmTC_a46ea.dir\CheckFunctionExists.c.obj  /out:cmTC_a46ea.exe /implib:cmTC_a46ea.lib /pdb:cmTC_a46ea.pdb /version:0.0 /machine:x64  /debug /INCREMENTAL /subsystem:console  kernel32.lib user32.lib gdi32.lib winspool.lib shell32.lib ole32.lib oleaut32.lib uuid.lib comdlg32.lib advapi32.lib && cd ."
LINK Pass 1: command "C:\PROGRA~2\MIB055~1\2019\ENTERP~1\VC\Tools\MSVC\1429~1.301\bin\Hostx64\x64\link.exe /nologo CMakeFiles\cmTC_a46ea.dir\CheckFunctionExists.c.obj /out:cmTC_a46ea.exe /implib:cmTC_a46ea.lib /pdb:cmTC_a46ea.pdb /version:0.0 /machine:x64 /debug /INCREMENTAL /subsystem:console kernel32.lib user32.lib gdi32.lib winspool.lib shell32.lib ole32.lib oleaut32.lib uuid.lib comdlg32.lib advapi32.lib /MANIFEST /MANIFESTFILE:CMakeFiles\cmTC_a46ea.dir/intermediate.manifest CMakeFiles\cmTC_a46ea.dir/manifest.res" failed (exit code 1120) with the following output:
CheckFunctionExists.c.obj : error LNK2019: unresolved external symbol accept4 referenced in function main
cmTC_a46ea.exe : fatal error LNK1120: 1 unresolved externals
ninja: build stopped: subcommand failed.



Determining if the function mkostemp exists failed with the following output:
Change Dir: C:/Src/SecondTry/out/build/x64-Debug/CMakeFiles/CMakeTmp

Run Build Command(s):C:/Program Files (x86)/Microsoft Visual Studio/2019/Enterprise/Common7/IDE/CommonExtensions/Microsoft/CMake/Ninja/ninja.exe cmTC_b4dbb && [1/2] Building C object CMakeFiles\cmTC_b4dbb.dir\CheckFunctionExists.c.obj
[2/2] Linking C executable cmTC_b4dbb.exe
FAILED: cmTC_b4dbb.exe 
cmd.exe /C "cd . && "C:\Program Files (x86)\Microsoft Visual Studio\2019\Enterprise\Common7\IDE\CommonExtensions\Microsoft\CMake\CMake\bin\cmake.exe" -E vs_link_exe --intdir=CMakeFiles\cmTC_b4dbb.dir --rc=C:\PROGRA~2\WI3CF2~1\10\bin\100220~1.0\x64\rc.exe --mt=C:\PROGRA~2\WI3CF2~1\10\bin\100220~1.0\x64\mt.exe --manifests  -- C:\PROGRA~2\MIB055~1\2019\ENTERP~1\VC\Tools\MSVC\1429~1.301\bin\Hostx64\x64\link.exe /nologo CMakeFiles\cmTC_b4dbb.dir\CheckFunctionExists.c.obj  /out:cmTC_b4dbb.exe /implib:cmTC_b4dbb.lib /pdb:cmTC_b4dbb.pdb /version:0.0 /machine:x64  /debug /INCREMENTAL /subsystem:console  kernel32.lib user32.lib gdi32.lib winspool.lib shell32.lib ole32.lib oleaut32.lib uuid.lib comdlg32.lib advapi32.lib && cd ."
LINK Pass 1: command "C:\PROGRA~2\MIB055~1\2019\ENTERP~1\VC\Tools\MSVC\1429~1.301\bin\Hostx64\x64\link.exe /nologo CMakeFiles\cmTC_b4dbb.dir\CheckFunctionExists.c.obj /out:cmTC_b4dbb.exe /implib:cmTC_b4dbb.lib /pdb:cmTC_b4dbb.pdb /version:0.0 /machine:x64 /debug /INCREMENTAL /subsystem:console kernel32.lib user32.lib gdi32.lib winspool.lib shell32.lib ole32.lib oleaut32.lib uuid.lib comdlg32.lib advapi32.lib /MANIFEST /MANIFESTFILE:CMakeFiles\cmTC_b4dbb.dir/intermediate.manifest CMakeFiles\cmTC_b4dbb.dir/manifest.res" failed (exit code 1120) with the following output:
CheckFunctionExists.c.obj : error LNK2019: unresolved external symbol mkostemp referenced in function main
cmTC_b4dbb.exe : fatal error LNK1120: 1 unresolved externals
ninja: build stopped: subcommand failed.



Determining if the initgroups exist failed with the following output:
Change Dir: C:/Src/SecondTry/out/build/x64-Debug/CMakeFiles/CMakeTmp

Run Build Command(s):C:/Program Files (x86)/Microsoft Visual Studio/2019/Enterprise/Common7/IDE/CommonExtensions/Microsoft/CMake/Ninja/ninja.exe cmTC_d03c7 && [1/2] Building C object CMakeFiles\cmTC_d03c7.dir\CheckSymbolExists.c.obj
FAILED: CMakeFiles/cmTC_d03c7.dir/CheckSymbolExists.c.obj 
C:\PROGRA~2\MIB055~1\2019\ENTERP~1\VC\Tools\MSVC\1429~1.301\bin\Hostx64\x64\cl.exe  /nologo   /DWIN32 /D_WINDOWS /W3  /MDd /Zi /Ob0 /Od /RTC1 /showIncludes /FoCMakeFiles\cmTC_d03c7.dir\CheckSymbolExists.c.obj /FdCMakeFiles\cmTC_d03c7.dir\ /FS -c CheckSymbolExists.c
CheckSymbolExists.c(2): fatal error C1083: Cannot open include file: 'grp.h': No such file or directory
ninja: build stopped: subcommand failed.


File C:/Src/SecondTry/out/build/x64-Debug/CMakeFiles/CMakeTmp/CheckSymbolExists.c:
/* */
#include <grp.h>

int main(int argc, char** argv)
{
  (void)argv;
#ifndef initgroups
  return ((int*)(&initgroups))[argc];
#else
  (void)argc;
  return 0;
#endif
}
Performing C SOURCE FILE Test BROTLI_EMSCRIPTEN failed with the following output:
Change Dir: C:/Src/SecondTry/out/build/x64-Debug/CMakeFiles/CMakeTmp

Run Build Command(s):C:/Program Files (x86)/Microsoft Visual Studio/2019/Enterprise/Common7/IDE/CommonExtensions/Microsoft/CMake/Ninja/ninja.exe cmTC_a49c6 && [1/2] Building C object CMakeFiles\cmTC_a49c6.dir\src.c.obj
[2/2] Linking C executable cmTC_a49c6.exe
FAILED: cmTC_a49c6.exe 
cmd.exe /C "cd . && "C:\Program Files (x86)\Microsoft Visual Studio\2019\Enterprise\Common7\IDE\CommonExtensions\Microsoft\CMake\CMake\bin\cmake.exe" -E vs_link_exe --intdir=CMakeFiles\cmTC_a49c6.dir --rc=C:\PROGRA~2\WI3CF2~1\10\bin\100220~1.0\x64\rc.exe --mt=C:\PROGRA~2\WI3CF2~1\10\bin\100220~1.0\x64\mt.exe --manifests  -- C:\PROGRA~2\MIB055~1\2019\ENTERP~1\VC\Tools\MSVC\1429~1.301\bin\Hostx64\x64\link.exe /nologo CMakeFiles\cmTC_a49c6.dir\src.c.obj  /out:cmTC_a49c6.exe /implib:cmTC_a49c6.lib /pdb:cmTC_a49c6.pdb /version:0.0 /machine:x64  /debug /INCREMENTAL /subsystem:console  kernel32.lib user32.lib gdi32.lib winspool.lib shell32.lib ole32.lib oleaut32.lib uuid.lib comdlg32.lib advapi32.lib && cd ."
LINK Pass 1: command "C:\PROGRA~2\MIB055~1\2019\ENTERP~1\VC\Tools\MSVC\1429~1.301\bin\Hostx64\x64\link.exe /nologo CMakeFiles\cmTC_a49c6.dir\src.c.obj /out:cmTC_a49c6.exe /implib:cmTC_a49c6.lib /pdb:cmTC_a49c6.pdb /version:0.0 /machine:x64 /debug /INCREMENTAL /subsystem:console kernel32.lib user32.lib gdi32.lib winspool.lib shell32.lib ole32.lib oleaut32.lib uuid.lib comdlg32.lib advapi32.lib /MANIFEST /MANIFESTFILE:CMakeFiles\cmTC_a49c6.dir/intermediate.manifest CMakeFiles\cmTC_a49c6.dir/manifest.res" failed (exit code 1120) with the following output:
MSVCRTD.lib(exe_main.obj) : error LNK2019: unresolved external symbol main referenced in function "int __cdecl invoke_main(void)" (?invoke_main@@YAHXZ)
cmTC_a49c6.exe : fatal error LNK1120: 1 unresolved externals
ninja: build stopped: subcommand failed.


Source file was:
#if defined(__EMSCRIPTEN__)
   int main() {return 0;}
   #endif
Checking whether the ASM compiler is GNU using "--version" did not match "(GNU assembler)|(GCC)|(Free Software Foundation)":
Microsoft (R) C/C++ Optimizing Compiler Version 19.29.30147 for x64
Copyright (C) Microsoft Corporation.  All rights reserved.

cl : Command line warning D9002 : ignoring unknown option '--version'
cl : Command line error D8003 : missing source filename
Checking whether the ASM compiler is Clang using "--version" did not match "(clang version)":
Microsoft (R) C/C++ Optimizing Compiler Version 19.29.30147 for x64
Copyright (C) Microsoft Corporation.  All rights reserved.

cl : Command line warning D9002 : ignoring unknown option '--version'
cl : Command line error D8003 : missing source filename
Checking whether the ASM compiler is AppleClang using "--version" did not match "(Apple LLVM version)":
Microsoft (R) C/C++ Optimizing Compiler Version 19.29.30147 for x64
Copyright (C) Microsoft Corporation.  All rights reserved.

cl : Command line warning D9002 : ignoring unknown option '--version'
cl : Command line error D8003 : missing source filename
Checking whether the ASM compiler is ARMClang using "--version" did not match "armclang":
Microsoft (R) C/C++ Optimizing Compiler Version 19.29.30147 for x64
Copyright (C) Microsoft Corporation.  All rights reserved.

cl : Command line warning D9002 : ignoring unknown option '--version'
cl : Command line error D8003 : missing source filename
Checking whether the ASM compiler is HP using "-V" did not match "HP C":
Microsoft (R) C/C++ Optimizing Compiler Version 19.29.30147 for x64
Copyright (C) Microsoft Corporation.  All rights reserved.

cl : Command line error D8004 : '/V' requires an argument
Checking whether the ASM compiler is Intel using "--version" did not match "(ICC)":
Microsoft (R) C/C++ Optimizing Compiler Version 19.29.30147 for x64
Copyright (C) Microsoft Corporation.  All rights reserved.

cl : Command line warning D9002 : ignoring unknown option '--version'
cl : Command line error D8003 : missing source filename
Checking whether the ASM compiler is IntelLLVM using "--version" did not match "(Intel[^
]+oneAPI)":
Microsoft (R) C/C++ Optimizing Compiler Version 19.29.30147 for x64
Copyright (C) Microsoft Corporation.  All rights reserved.

cl : Command line warning D9002 : ignoring unknown option '--version'
cl : Command line error D8003 : missing source filename
Checking whether the ASM compiler is SunPro using "-V" did not match "Sun C":
Microsoft (R) C/C++ Optimizing Compiler Version 19.29.30147 for x64
Copyright (C) Microsoft Corporation.  All rights reserved.

cl : Command line error D8004 : '/V' requires an argument
Checking whether the ASM compiler is XL using "-qversion" did not match "XL C":
Microsoft (R) C/C++ Optimizing Compiler Version 19.29.30147 for x64
Copyright (C) Microsoft Corporation.  All rights reserved.

cl : Command line warning D9002 : ignoring unknown option '-qversion'
cl : Command line error D8003 : missing source filename
Performing C SOURCE FILE Test HAVE_LD_VERSION_SCRIPT failed with the following output:
Change Dir: C:/Src/SecondTry/out/build/x64-Debug/CMakeFiles/CMakeTmp

Run Build Command(s):C:/Program Files (x86)/Microsoft Visual Studio/2019/Enterprise/Common7/IDE/CommonExtensions/Microsoft/CMake/Ninja/ninja.exe cmTC_fe237 && [1/2] Building C object CMakeFiles\cmTC_fe237.dir\src.c.obj
FAILED: CMakeFiles/cmTC_fe237.dir/src.c.obj 
C:\PROGRA~2\MIB055~1\2019\ENTERP~1\VC\Tools\MSVC\1429~1.301\bin\Hostx64\x64\cl.exe  /nologo -DHAVE_LD_VERSION_SCRIPT  /DWIN32 /D_WINDOWS /W3 -Wl,--version-script='C:/Src/SecondTry/out/build/x64-Debug/_deps/png-build/conftest.map' /MDd /Zi /Ob0 /Od /RTC1 /showIncludes /FoCMakeFiles\cmTC_fe237.dir\src.c.obj /FdCMakeFiles\cmTC_fe237.dir\ /FS -c src.c
cl : Command line error D8021 : invalid numeric argument '/Wl,--version-script='C:/Src/SecondTry/out/build/x64-Debug/_deps/png-build/conftest.map''
ninja: build stopped: subcommand failed.


Source file was:
void sym(void) {}
void sym2(void) {}
int main(void) {return 0;}

Performing C SOURCE FILE Test HAVE_SOLARIS_LD_VERSION_SCRIPT failed with the following output:
Change Dir: C:/Src/SecondTry/out/build/x64-Debug/CMakeFiles/CMakeTmp

Run Build Command(s):C:/Program Files (x86)/Microsoft Visual Studio/2019/Enterprise/Common7/IDE/CommonExtensions/Microsoft/CMake/Ninja/ninja.exe cmTC_68c96 && [1/2] Building C object CMakeFiles\cmTC_68c96.dir\src.c.obj
FAILED: CMakeFiles/cmTC_68c96.dir/src.c.obj 
C:\PROGRA~2\MIB055~1\2019\ENTERP~1\VC\Tools\MSVC\1429~1.301\bin\Hostx64\x64\cl.exe  /nologo -DHAVE_SOLARIS_LD_VERSION_SCRIPT  /DWIN32 /D_WINDOWS /W3 -Wl,-M -Wl,C:/Src/SecondTry/out/build/x64-Debug/_deps/png-build/conftest.map /MDd /Zi /Ob0 /Od /RTC1 /showIncludes /FoCMakeFiles\cmTC_68c96.dir\src.c.obj /FdCMakeFiles\cmTC_68c96.dir\ /FS -c src.c
cl : Command line error D8021 : invalid numeric argument '/Wl,-M'
ninja: build stopped: subcommand failed.


Source file was:
void sym(void) {}
void sym2(void) {}
int main(void) {return 0;}

Determining if the BZ2_bzCompressInit exist failed with the following output:
Change Dir: C:/Src/SecondTry/out/build/x64-Debug/CMakeFiles/CMakeTmp

Run Build Command(s):C:/Program Files (x86)/Microsoft Visual Studio/2019/Enterprise/Common7/IDE/CommonExtensions/Microsoft/CMake/Ninja/ninja.exe cmTC_22457 && [1/2] Building C object CMakeFiles\cmTC_22457.dir\CheckSymbolExists.c.obj
[2/2] Linking C executable cmTC_22457.exe
FAILED: cmTC_22457.exe 
cmd.exe /C "cd . && "C:\Program Files (x86)\Microsoft Visual Studio\2019\Enterprise\Common7\IDE\CommonExtensions\Microsoft\CMake\CMake\bin\cmake.exe" -E vs_link_exe --intdir=CMakeFiles\cmTC_22457.dir --rc=C:\PROGRA~2\WI3CF2~1\10\bin\100220~1.0\x64\rc.exe --mt=C:\PROGRA~2\WI3CF2~1\10\bin\100220~1.0\x64\mt.exe --manifests  -- C:\PROGRA~2\MIB055~1\2019\ENTERP~1\VC\Tools\MSVC\1429~1.301\bin\Hostx64\x64\link.exe /nologo CMakeFiles\cmTC_22457.dir\CheckSymbolExists.c.obj  /out:cmTC_22457.exe /implib:cmTC_22457.lib /pdb:cmTC_22457.pdb /version:0.0 /machine:x64  /debug /INCREMENTAL /subsystem:console  bz2_static.lib  kernel32.lib user32.lib gdi32.lib winspool.lib shell32.lib ole32.lib oleaut32.lib uuid.lib comdlg32.lib advapi32.lib && cd ."
LINK Pass 1: command "C:\PROGRA~2\MIB055~1\2019\ENTERP~1\VC\Tools\MSVC\1429~1.301\bin\Hostx64\x64\link.exe /nologo CMakeFiles\cmTC_22457.dir\CheckSymbolExists.c.obj /out:cmTC_22457.exe /implib:cmTC_22457.lib /pdb:cmTC_22457.pdb /version:0.0 /machine:x64 /debug /INCREMENTAL /subsystem:console bz2_static.lib kernel32.lib user32.lib gdi32.lib winspool.lib shell32.lib ole32.lib oleaut32.lib uuid.lib comdlg32.lib advapi32.lib /MANIFEST /MANIFESTFILE:CMakeFiles\cmTC_22457.dir/intermediate.manifest CMakeFiles\cmTC_22457.dir/manifest.res" failed (exit code 1104) with the following output:
LINK : fatal error LNK1104: cannot open file 'bz2_static.lib'
ninja: build stopped: subcommand failed.


File C:/Src/SecondTry/out/build/x64-Debug/CMakeFiles/CMakeTmp/CheckSymbolExists.c:
/* */
#include <bzlib.h>

int main(int argc, char** argv)
{
  (void)argv;
#ifndef BZ2_bzCompressInit
  return ((int*)(&BZ2_bzCompressInit))[argc];
#else
  (void)argc;
  return 0;
#endif
}
